[0.305s] Invoking command in '/home/jy/colcon_ws/build/my_first_python_pkg': PYTHONPATH=/home/jy/colcon_ws/build/my_first_python_pkg/prefix_override:/usr/lib/python3/dist-packages/colcon_core/task/python/colcon_distutils_commands:/home/jy/colcon_ws/install/my_first_python_pkg/lib/python3.10/site-packages:${PYTHONPATH} /usr/bin/python3 -W ignore:setup.py install is deprecated -W ignore:easy_install command is deprecated setup.py develop --uninstall --editable --build-directory /home/jy/colcon_ws/build/my_first_python_pkg/build
[0.430s] running develop
[0.498s] Removing /home/jy/colcon_ws/install/my_first_python_pkg/lib/python3.10/site-packages/my-first-python-pkg.egg-link (link to .)
[0.513s] Invoked command in '/home/jy/colcon_ws/build/my_first_python_pkg' returned '0': PYTHONPATH=/home/jy/colcon_ws/build/my_first_python_pkg/prefix_override:/usr/lib/python3/dist-packages/colcon_core/task/python/colcon_distutils_commands:/home/jy/colcon_ws/install/my_first_python_pkg/lib/python3.10/site-packages:${PYTHONPATH} /usr/bin/python3 -W ignore:setup.py install is deprecated -W ignore:easy_install command is deprecated setup.py develop --uninstall --editable --build-directory /home/jy/colcon_ws/build/my_first_python_pkg/build
[0.514s] Invoking command in '/home/jy/colcon_ws/src/my_first_python_pkg': PYTHONPATH=/home/jy/colcon_ws/build/my_first_python_pkg/prefix_override:/usr/lib/python3/dist-packages/colcon_core/task/python/colcon_distutils_commands:/home/jy/colcon_ws/install/my_first_python_pkg/lib/python3.10/site-packages:${PYTHONPATH} /usr/bin/python3 -W ignore:setup.py install is deprecated -W ignore:easy_install command is deprecated setup.py egg_info --egg-base ../../build/my_first_python_pkg build --build-base /home/jy/colcon_ws/build/my_first_python_pkg/build install --record /home/jy/colcon_ws/build/my_first_python_pkg/install.log --single-version-externally-managed install_data --force
[0.631s] running egg_info
[0.631s] writing ../../build/my_first_python_pkg/my_first_python_pkg.egg-info/PKG-INFO
[0.631s] writing dependency_links to ../../build/my_first_python_pkg/my_first_python_pkg.egg-info/dependency_links.txt
[0.631s] writing entry points to ../../build/my_first_python_pkg/my_first_python_pkg.egg-info/entry_points.txt
[0.631s] writing requirements to ../../build/my_first_python_pkg/my_first_python_pkg.egg-info/requires.txt
[0.631s] writing top-level names to ../../build/my_first_python_pkg/my_first_python_pkg.egg-info/top_level.txt
[0.632s] reading manifest file '../../build/my_first_python_pkg/my_first_python_pkg.egg-info/SOURCES.txt'
[0.633s] writing manifest file '../../build/my_first_python_pkg/my_first_python_pkg.egg-info/SOURCES.txt'
[0.633s] running build
[0.633s] running build_py
[0.633s] creating /home/jy/colcon_ws/build/my_first_python_pkg/build
[0.633s] creating /home/jy/colcon_ws/build/my_first_python_pkg/build/lib
[0.633s] creating /home/jy/colcon_ws/build/my_first_python_pkg/build/lib/my_first_python_pkg
[0.633s] copying my_first_python_pkg/publisher.py -> /home/jy/colcon_ws/build/my_first_python_pkg/build/lib/my_first_python_pkg
[0.633s] copying my_first_python_pkg/__init__.py -> /home/jy/colcon_ws/build/my_first_python_pkg/build/lib/my_first_python_pkg
[0.633s] copying my_first_python_pkg/subscriber.py -> /home/jy/colcon_ws/build/my_first_python_pkg/build/lib/my_first_python_pkg
[0.633s] running install
[0.633s] running install_lib
[0.634s] creating /home/jy/colcon_ws/install/my_first_python_pkg/lib/python3.10/site-packages/my_first_python_pkg
[0.634s] copying /home/jy/colcon_ws/build/my_first_python_pkg/build/lib/my_first_python_pkg/publisher.py -> /home/jy/colcon_ws/install/my_first_python_pkg/lib/python3.10/site-packages/my_first_python_pkg
[0.634s] copying /home/jy/colcon_ws/build/my_first_python_pkg/build/lib/my_first_python_pkg/__init__.py -> /home/jy/colcon_ws/install/my_first_python_pkg/lib/python3.10/site-packages/my_first_python_pkg
[0.634s] copying /home/jy/colcon_ws/build/my_first_python_pkg/build/lib/my_first_python_pkg/subscriber.py -> /home/jy/colcon_ws/install/my_first_python_pkg/lib/python3.10/site-packages/my_first_python_pkg
[0.634s] byte-compiling /home/jy/colcon_ws/install/my_first_python_pkg/lib/python3.10/site-packages/my_first_python_pkg/publisher.py to publisher.cpython-310.pyc
[0.635s] byte-compiling /home/jy/colcon_ws/install/my_first_python_pkg/lib/python3.10/site-packages/my_first_python_pkg/__init__.py to __init__.cpython-310.pyc
[0.635s] byte-compiling /home/jy/colcon_ws/install/my_first_python_pkg/lib/python3.10/site-packages/my_first_python_pkg/subscriber.py to subscriber.cpython-310.pyc
[0.635s] running install_data
[0.635s] copying resource/my_first_python_pkg -> /home/jy/colcon_ws/install/my_first_python_pkg/share/ament_index/resource_index/packages
[0.635s] copying package.xml -> /home/jy/colcon_ws/install/my_first_python_pkg/share/my_first_python_pkg
[0.635s] running install_egg_info
[0.636s] Copying ../../build/my_first_python_pkg/my_first_python_pkg.egg-info to /home/jy/colcon_ws/install/my_first_python_pkg/lib/python3.10/site-packages/my_first_python_pkg-0.0.0-py3.10.egg-info
[0.637s] running install_scripts
[0.649s] Installing publisher script to /home/jy/colcon_ws/install/my_first_python_pkg/lib/my_first_python_pkg
[0.649s] Installing subscriber script to /home/jy/colcon_ws/install/my_first_python_pkg/lib/my_first_python_pkg
[0.649s] writing list of installed files to '/home/jy/colcon_ws/build/my_first_python_pkg/install.log'
[0.664s] Invoked command in '/home/jy/colcon_ws/src/my_first_python_pkg' returned '0': PYTHONPATH=/home/jy/colcon_ws/build/my_first_python_pkg/prefix_override:/usr/lib/python3/dist-packages/colcon_core/task/python/colcon_distutils_commands:/home/jy/colcon_ws/install/my_first_python_pkg/lib/python3.10/site-packages:${PYTHONPATH} /usr/bin/python3 -W ignore:setup.py install is deprecated -W ignore:easy_install command is deprecated setup.py egg_info --egg-base ../../build/my_first_python_pkg build --build-base /home/jy/colcon_ws/build/my_first_python_pkg/build install --record /home/jy/colcon_ws/build/my_first_python_pkg/install.log --single-version-externally-managed install_data --force
