[0.053s] DEBUG:colcon:Command line arguments: ['/usr/bin/colcon', 'build', '--packages-select', 'joysim']
[0.053s] DEBUG:colcon:Parsed command line arguments: Namespace(log_base=None, log_level=None, verb_name='build', build_base='build', install_base='install', merge_install=False, symlink_install=False, test_result_base=None, continue_on_error=False, executor='parallel', parallel_workers=16, event_handlers=None, ignore_user_meta=False, metas=['./colcon.meta'], base_paths=['.'], packages_ignore=None, packages_ignore_regex=None, paths=None, packages_up_to=None, packages_up_to_regex=None, packages_above=None, packages_above_and_dependencies=None, packages_above_depth=None, packages_select_by_dep=None, packages_skip_by_dep=None, packages_skip_up_to=None, packages_select_build_failed=False, packages_skip_build_finished=False, packages_select_test_failures=False, packages_skip_test_passed=False, packages_select=['joysim'], packages_skip=None, packages_select_regex=None, packages_skip_regex=None, packages_start=None, packages_end=None, allow_overriding=[], cmake_args=None, cmake_target=None, cmake_target_skip_unavailable=False, cmake_clean_cache=False, cmake_clean_first=False, cmake_force_configure=False, ament_cmake_args=None, catkin_cmake_args=None, catkin_skip_building_tests=False, mixin_files=None, mixin=None, verb_parser=<colcon_mixin.mixin.mixin_argument.MixinArgumentDecorator object at 0x741b1594d750>, verb_extension=<colcon_core.verb.build.BuildVerb object at 0x741b1594d0f0>, main=<bound method BuildVerb.main of <colcon_core.verb.build.BuildVerb object at 0x741b1594d0f0>>, mixin_verb=('build',))
[0.132s] Level 1:colcon.colcon_core.package_discovery:discover_packages(colcon_meta) check parameters
[0.132s] Level 1:colcon.colcon_core.package_discovery:discover_packages(recursive) check parameters
[0.132s] Level 1:colcon.colcon_core.package_discovery:discover_packages(ignore) check parameters
[0.132s] Level 1:colcon.colcon_core.package_discovery:discover_packages(path) check parameters
[0.132s] Level 1:colcon.colcon_core.package_discovery:discover_packages(colcon_meta) discover
[0.132s] Level 1:colcon.colcon_core.package_discovery:discover_packages(recursive) discover
[0.132s] INFO:colcon.colcon_core.package_discovery:Crawling recursively for packages in '/home/jy/colcon_ws/src/joysim'
[0.132s] Level 1:colcon.colcon_core.package_identification:_identify(.) by extensions ['ignore', 'ignore_ament_install']
[0.132s] Level 1:colcon.colcon_core.package_identification:_identify(.) by extension 'ignore'
[0.132s] Level 1:colcon.colcon_core.package_identification:_identify(.) by extension 'ignore_ament_install'
[0.132s] Level 1:colcon.colcon_core.package_identification:_identify(.) by extensions ['colcon_pkg']
[0.132s] Level 1:colcon.colcon_core.package_identification:_identify(.) by extension 'colcon_pkg'
[0.132s] Level 1:colcon.colcon_core.package_identification:_identify(.) by extensions ['colcon_meta']
[0.132s] Level 1:colcon.colcon_core.package_identification:_identify(.) by extension 'colcon_meta'
[0.132s] Level 1:colcon.colcon_core.package_identification:_identify(.) by extensions ['ros']
[0.132s] Level 1:colcon.colcon_core.package_identification:_identify(.) by extension 'ros'
[0.139s] DEBUG:colcon.colcon_core.package_identification:Package '.' with type 'ros.ament_cmake' and name 'joysim'
[0.139s] Level 1:colcon.colcon_core.package_discovery:discover_packages(recursive) using defaults
[0.139s] Level 1:colcon.colcon_core.package_discovery:discover_packages(ignore) discover
[0.139s] Level 1:colcon.colcon_core.package_discovery:discover_packages(ignore) using defaults
[0.139s] Level 1:colcon.colcon_core.package_discovery:discover_packages(path) discover
[0.139s] Level 1:colcon.colcon_core.package_discovery:discover_packages(path) using defaults
[0.156s] Level 1:colcon.colcon_core.package_discovery:discover_packages(prefix_path) check parameters
[0.156s] Level 1:colcon.colcon_core.package_discovery:discover_packages(prefix_path) discover
[0.157s] WARNING:colcon.colcon_ros.prefix_path.ament:The path '/home/jy/colcon_ws/install/vector_pubsub' in the environment variable AMENT_PREFIX_PATH doesn't exist
[0.157s] WARNING:colcon.colcon_ros.prefix_path.ament:The path '/home/jy/colcon_ws/install/lifecycle_node' in the environment variable AMENT_PREFIX_PATH doesn't exist
[0.157s] WARNING:colcon.colcon_ros.prefix_path.ament:The path '/home/jy/colcon_ws/install/life_qos' in the environment variable AMENT_PREFIX_PATH doesn't exist
[0.157s] WARNING:colcon.colcon_ros.prefix_path.ament:The path '/home/jy/colcon_ws/install/communicator' in the environment variable AMENT_PREFIX_PATH doesn't exist
[0.157s] WARNING:colcon.colcon_ros.prefix_path.ament:The path '/home/jy/colcon_ws/install/turtlesim_drawer' in the environment variable AMENT_PREFIX_PATH doesn't exist
[0.157s] WARNING:colcon.colcon_ros.prefix_path.ament:The path '/home/jy/colcon_ws/install/turtle_gui' in the environment variable AMENT_PREFIX_PATH doesn't exist
[0.157s] WARNING:colcon.colcon_ros.prefix_path.ament:The path '/home/jy/colcon_ws/install/robot_arm_gui' in the environment variable AMENT_PREFIX_PATH doesn't exist
[0.157s] WARNING:colcon.colcon_ros.prefix_path.ament:The path '/home/jy/colcon_ws/install/ds4' in the environment variable AMENT_PREFIX_PATH doesn't exist
[0.157s] WARNING:colcon.colcon_ros.prefix_path.ament:The path '/home/jy/colcon_ws/install/cpp_parameters' in the environment variable AMENT_PREFIX_PATH doesn't exist
[0.157s] WARNING:colcon.colcon_ros.prefix_path.catkin:The path '/home/jy/colcon_ws/install/vector_pubsub' in the environment variable CMAKE_PREFIX_PATH doesn't exist
[0.157s] WARNING:colcon.colcon_ros.prefix_path.catkin:The path '/home/jy/colcon_ws/install/lifecycle_node' in the environment variable CMAKE_PREFIX_PATH doesn't exist
[0.157s] WARNING:colcon.colcon_ros.prefix_path.catkin:The path '/home/jy/colcon_ws/install/life_qos' in the environment variable CMAKE_PREFIX_PATH doesn't exist
[0.157s] WARNING:colcon.colcon_ros.prefix_path.catkin:The path '/home/jy/colcon_ws/install/communicator' in the environment variable CMAKE_PREFIX_PATH doesn't exist
[0.157s] WARNING:colcon.colcon_ros.prefix_path.catkin:The path '/home/jy/colcon_ws/install/turtlesim_drawer' in the environment variable CMAKE_PREFIX_PATH doesn't exist
[0.157s] WARNING:colcon.colcon_ros.prefix_path.catkin:The path '/home/jy/colcon_ws/install/turtle_gui' in the environment variable CMAKE_PREFIX_PATH doesn't exist
[0.157s] WARNING:colcon.colcon_ros.prefix_path.catkin:The path '/home/jy/colcon_ws/install/robot_arm_gui' in the environment variable CMAKE_PREFIX_PATH doesn't exist
[0.157s] WARNING:colcon.colcon_ros.prefix_path.catkin:The path '/home/jy/colcon_ws/install/ds4' in the environment variable CMAKE_PREFIX_PATH doesn't exist
[0.157s] WARNING:colcon.colcon_ros.prefix_path.catkin:The path '/home/jy/colcon_ws/install/custom_interfaces' in the environment variable CMAKE_PREFIX_PATH doesn't exist
[0.157s] WARNING:colcon.colcon_ros.prefix_path.catkin:The path '/home/jy/colcon_ws/install/cpp_parameters' in the environment variable CMAKE_PREFIX_PATH doesn't exist
[0.157s] DEBUG:colcon.colcon_installed_package_information.package_discovery:Found 1 installed packages in /home/jy/colcon_ws/install
[0.158s] DEBUG:colcon.colcon_installed_package_information.package_discovery:Found 271 installed packages in /opt/ros/humble
[0.159s] Level 1:colcon.colcon_core.package_discovery:discover_packages(prefix_path) using defaults
[0.177s] Level 5:colcon.colcon_core.verb:set package 'joysim' build argument 'cmake_args' from command line to 'None'
[0.177s] Level 5:colcon.colcon_core.verb:set package 'joysim' build argument 'cmake_target' from command line to 'None'
[0.177s] Level 5:colcon.colcon_core.verb:set package 'joysim' build argument 'cmake_target_skip_unavailable' from command line to 'False'
[0.177s] Level 5:colcon.colcon_core.verb:set package 'joysim' build argument 'cmake_clean_cache' from command line to 'False'
[0.177s] Level 5:colcon.colcon_core.verb:set package 'joysim' build argument 'cmake_clean_first' from command line to 'False'
[0.177s] Level 5:colcon.colcon_core.verb:set package 'joysim' build argument 'cmake_force_configure' from command line to 'False'
[0.177s] Level 5:colcon.colcon_core.verb:set package 'joysim' build argument 'ament_cmake_args' from command line to 'None'
[0.177s] Level 5:colcon.colcon_core.verb:set package 'joysim' build argument 'catkin_cmake_args' from command line to 'None'
[0.177s] Level 5:colcon.colcon_core.verb:set package 'joysim' build argument 'catkin_skip_building_tests' from command line to 'False'
[0.177s] DEBUG:colcon.colcon_core.verb:Building package 'joysim' with the following arguments: {'ament_cmake_args': None, 'build_base': '/home/jy/colcon_ws/src/joysim/build/joysim', 'catkin_cmake_args': None, 'catkin_skip_building_tests': False, 'cmake_args': None, 'cmake_clean_cache': False, 'cmake_clean_first': False, 'cmake_force_configure': False, 'cmake_target': None, 'cmake_target_skip_unavailable': False, 'install_base': '/home/jy/colcon_ws/src/joysim/install/joysim', 'merge_install': False, 'path': '/home/jy/colcon_ws/src/joysim', 'symlink_install': False, 'test_result_base': None}
[0.177s] INFO:colcon.colcon_core.executor:Executing jobs using 'parallel' executor
[0.177s] DEBUG:colcon.colcon_parallel_executor.executor.parallel:run_until_complete
[0.178s] INFO:colcon.colcon_ros.task.ament_cmake.build:Building ROS package in '/home/jy/colcon_ws/src/joysim' with build type 'ament_cmake'
[0.178s] INFO:colcon.colcon_cmake.task.cmake.build:Building CMake package in '/home/jy/colcon_ws/src/joysim'
[0.179s] INFO:colcon.colcon_core.plugin_system:Skipping extension 'colcon_core.shell.bat': Not used on non-Windows systems
[0.179s] INFO:colcon.colcon_core.shell:Skip shell extension 'powershell' for command environment: Not usable outside of PowerShell
[0.179s] DEBUG:colcon.colcon_core.shell:Skip shell extension 'dsv' for command environment
[0.188s] DEBUG:colcon.colcon_core.event_handler.log_command:Invoking command in '/home/jy/colcon_ws/src/joysim/build/joysim': CMAKE_PREFIX_PATH=/home/jy/colcon_ws/install/vector_pubsub:/home/jy/colcon_ws/install/lifecycle_node:/home/jy/colcon_ws/install/life_qos:/home/jy/colcon_ws/install/communicator:/home/jy/colcon_ws/install/turtlesim_drawer:/home/jy/colcon_ws/install/turtle_gui:/home/jy/colcon_ws/install/robot_arm_gui:/opt/ros/humble:/home/jy/colcon_ws/install/joysim:/home/jy/colcon_ws/install/ds4:/home/jy/colcon_ws/install/custom_interfaces:/home/jy/colcon_ws/install/cpp_parameters /usr/bin/cmake /home/jy/colcon_ws/src/joysim -DCMAKE_INSTALL_PREFIX=/home/jy/colcon_ws/src/joysim/install/joysim
[1.010s] DEBUG:colcon.colcon_core.event_handler.log_command:Invoked command in '/home/jy/colcon_ws/src/joysim/build/joysim' returned '0': CMAKE_PREFIX_PATH=/home/jy/colcon_ws/install/vector_pubsub:/home/jy/colcon_ws/install/lifecycle_node:/home/jy/colcon_ws/install/life_qos:/home/jy/colcon_ws/install/communicator:/home/jy/colcon_ws/install/turtlesim_drawer:/home/jy/colcon_ws/install/turtle_gui:/home/jy/colcon_ws/install/robot_arm_gui:/opt/ros/humble:/home/jy/colcon_ws/install/joysim:/home/jy/colcon_ws/install/ds4:/home/jy/colcon_ws/install/custom_interfaces:/home/jy/colcon_ws/install/cpp_parameters /usr/bin/cmake /home/jy/colcon_ws/src/joysim -DCMAKE_INSTALL_PREFIX=/home/jy/colcon_ws/src/joysim/install/joysim
[1.011s] DEBUG:colcon.colcon_core.event_handler.log_command:Invoking command in '/home/jy/colcon_ws/src/joysim/build/joysim': CMAKE_PREFIX_PATH=/home/jy/colcon_ws/install/vector_pubsub:/home/jy/colcon_ws/install/lifecycle_node:/home/jy/colcon_ws/install/life_qos:/home/jy/colcon_ws/install/communicator:/home/jy/colcon_ws/install/turtlesim_drawer:/home/jy/colcon_ws/install/turtle_gui:/home/jy/colcon_ws/install/robot_arm_gui:/opt/ros/humble:/home/jy/colcon_ws/install/joysim:/home/jy/colcon_ws/install/ds4:/home/jy/colcon_ws/install/custom_interfaces:/home/jy/colcon_ws/install/cpp_parameters /usr/bin/cmake --build /home/jy/colcon_ws/src/joysim/build/joysim -- -j16 -l16
[6.190s] DEBUG:colcon.colcon_core.event_handler.log_command:Invoked command in '/home/jy/colcon_ws/src/joysim/build/joysim' returned '0': CMAKE_PREFIX_PATH=/home/jy/colcon_ws/install/vector_pubsub:/home/jy/colcon_ws/install/lifecycle_node:/home/jy/colcon_ws/install/life_qos:/home/jy/colcon_ws/install/communicator:/home/jy/colcon_ws/install/turtlesim_drawer:/home/jy/colcon_ws/install/turtle_gui:/home/jy/colcon_ws/install/robot_arm_gui:/opt/ros/humble:/home/jy/colcon_ws/install/joysim:/home/jy/colcon_ws/install/ds4:/home/jy/colcon_ws/install/custom_interfaces:/home/jy/colcon_ws/install/cpp_parameters /usr/bin/cmake --build /home/jy/colcon_ws/src/joysim/build/joysim -- -j16 -l16
[6.194s] DEBUG:colcon.colcon_core.event_handler.log_command:Invoking command in '/home/jy/colcon_ws/src/joysim/build/joysim': CMAKE_PREFIX_PATH=/home/jy/colcon_ws/install/vector_pubsub:/home/jy/colcon_ws/install/lifecycle_node:/home/jy/colcon_ws/install/life_qos:/home/jy/colcon_ws/install/communicator:/home/jy/colcon_ws/install/turtlesim_drawer:/home/jy/colcon_ws/install/turtle_gui:/home/jy/colcon_ws/install/robot_arm_gui:/opt/ros/humble:/home/jy/colcon_ws/install/joysim:/home/jy/colcon_ws/install/ds4:/home/jy/colcon_ws/install/custom_interfaces:/home/jy/colcon_ws/install/cpp_parameters /usr/bin/cmake --install /home/jy/colcon_ws/src/joysim/build/joysim
[6.202s] Level 1:colcon.colcon_core.environment:create_environment_scripts_only(joysim)
[6.202s] DEBUG:colcon.colcon_core.event_handler.log_command:Invoked command in '/home/jy/colcon_ws/src/joysim/build/joysim' returned '0': CMAKE_PREFIX_PATH=/home/jy/colcon_ws/install/vector_pubsub:/home/jy/colcon_ws/install/lifecycle_node:/home/jy/colcon_ws/install/life_qos:/home/jy/colcon_ws/install/communicator:/home/jy/colcon_ws/install/turtlesim_drawer:/home/jy/colcon_ws/install/turtle_gui:/home/jy/colcon_ws/install/robot_arm_gui:/opt/ros/humble:/home/jy/colcon_ws/install/joysim:/home/jy/colcon_ws/install/ds4:/home/jy/colcon_ws/install/custom_interfaces:/home/jy/colcon_ws/install/cpp_parameters /usr/bin/cmake --install /home/jy/colcon_ws/src/joysim/build/joysim
[6.203s] Level 1:colcon.colcon_core.environment:checking '/home/jy/colcon_ws/src/joysim/install/joysim' for CMake module files
[6.203s] Level 1:colcon.colcon_core.environment:checking '/home/jy/colcon_ws/src/joysim/install/joysim' for CMake config files
[6.203s] Level 1:colcon.colcon_core.shell:create_environment_hook('joysim', 'cmake_prefix_path')
[6.203s] INFO:colcon.colcon_core.shell:Creating environment hook '/home/jy/colcon_ws/src/joysim/install/joysim/share/joysim/hook/cmake_prefix_path.ps1'
[6.204s] INFO:colcon.colcon_core.shell:Creating environment descriptor '/home/jy/colcon_ws/src/joysim/install/joysim/share/joysim/hook/cmake_prefix_path.dsv'
[6.204s] INFO:colcon.colcon_core.shell:Creating environment hook '/home/jy/colcon_ws/src/joysim/install/joysim/share/joysim/hook/cmake_prefix_path.sh'
[6.204s] Level 1:colcon.colcon_core.environment:checking '/home/jy/colcon_ws/src/joysim/install/joysim/lib'
[6.205s] Level 1:colcon.colcon_core.environment:checking '/home/jy/colcon_ws/src/joysim/install/joysim/bin'
[6.205s] Level 1:colcon.colcon_core.environment:checking '/home/jy/colcon_ws/src/joysim/install/joysim/lib/pkgconfig/joysim.pc'
[6.205s] Level 1:colcon.colcon_core.environment:checking '/home/jy/colcon_ws/src/joysim/install/joysim/lib/python3.10/site-packages'
[6.205s] Level 1:colcon.colcon_core.environment:checking '/home/jy/colcon_ws/src/joysim/install/joysim/bin'
[6.205s] INFO:colcon.colcon_core.shell:Creating package script '/home/jy/colcon_ws/src/joysim/install/joysim/share/joysim/package.ps1'
[6.205s] INFO:colcon.colcon_core.shell:Creating package descriptor '/home/jy/colcon_ws/src/joysim/install/joysim/share/joysim/package.dsv'
[6.206s] INFO:colcon.colcon_core.shell:Creating package script '/home/jy/colcon_ws/src/joysim/install/joysim/share/joysim/package.sh'
[6.206s] INFO:colcon.colcon_core.shell:Creating package script '/home/jy/colcon_ws/src/joysim/install/joysim/share/joysim/package.bash'
[6.206s] INFO:colcon.colcon_core.shell:Creating package script '/home/jy/colcon_ws/src/joysim/install/joysim/share/joysim/package.zsh'
[6.206s] Level 1:colcon.colcon_core.environment:create_file_with_runtime_dependencies(/home/jy/colcon_ws/src/joysim/install/joysim/share/colcon-core/packages/joysim)
[6.207s] Level 1:colcon.colcon_core.environment:create_environment_scripts_only(joysim)
[6.207s] Level 1:colcon.colcon_core.environment:checking '/home/jy/colcon_ws/src/joysim/install/joysim' for CMake module files
[6.207s] Level 1:colcon.colcon_core.environment:checking '/home/jy/colcon_ws/src/joysim/install/joysim' for CMake config files
[6.207s] Level 1:colcon.colcon_core.shell:create_environment_hook('joysim', 'cmake_prefix_path')
[6.207s] INFO:colcon.colcon_core.shell:Creating environment hook '/home/jy/colcon_ws/src/joysim/install/joysim/share/joysim/hook/cmake_prefix_path.ps1'
[6.207s] INFO:colcon.colcon_core.shell:Creating environment descriptor '/home/jy/colcon_ws/src/joysim/install/joysim/share/joysim/hook/cmake_prefix_path.dsv'
[6.208s] INFO:colcon.colcon_core.shell:Creating environment hook '/home/jy/colcon_ws/src/joysim/install/joysim/share/joysim/hook/cmake_prefix_path.sh'
[6.208s] Level 1:colcon.colcon_core.environment:checking '/home/jy/colcon_ws/src/joysim/install/joysim/lib'
[6.208s] Level 1:colcon.colcon_core.environment:checking '/home/jy/colcon_ws/src/joysim/install/joysim/bin'
[6.208s] Level 1:colcon.colcon_core.environment:checking '/home/jy/colcon_ws/src/joysim/install/joysim/lib/pkgconfig/joysim.pc'
[6.208s] Level 1:colcon.colcon_core.environment:checking '/home/jy/colcon_ws/src/joysim/install/joysim/lib/python3.10/site-packages'
[6.208s] Level 1:colcon.colcon_core.environment:checking '/home/jy/colcon_ws/src/joysim/install/joysim/bin'
[6.208s] INFO:colcon.colcon_core.shell:Creating package script '/home/jy/colcon_ws/src/joysim/install/joysim/share/joysim/package.ps1'
[6.208s] INFO:colcon.colcon_core.shell:Creating package descriptor '/home/jy/colcon_ws/src/joysim/install/joysim/share/joysim/package.dsv'
[6.209s] INFO:colcon.colcon_core.shell:Creating package script '/home/jy/colcon_ws/src/joysim/install/joysim/share/joysim/package.sh'
[6.209s] INFO:colcon.colcon_core.shell:Creating package script '/home/jy/colcon_ws/src/joysim/install/joysim/share/joysim/package.bash'
[6.209s] INFO:colcon.colcon_core.shell:Creating package script '/home/jy/colcon_ws/src/joysim/install/joysim/share/joysim/package.zsh'
[6.209s] Level 1:colcon.colcon_core.environment:create_file_with_runtime_dependencies(/home/jy/colcon_ws/src/joysim/install/joysim/share/colcon-core/packages/joysim)
[6.209s] DEBUG:colcon.colcon_parallel_executor.executor.parallel:closing loop
[6.210s] DEBUG:colcon.colcon_parallel_executor.executor.parallel:loop closed
[6.210s] DEBUG:colcon.colcon_parallel_executor.executor.parallel:run_until_complete finished with '0'
[6.210s] DEBUG:colcon.colcon_core.event_reactor:joining thread
[6.213s] INFO:colcon.colcon_core.plugin_system:Skipping extension 'colcon_notification.desktop_notification.terminal_notifier': Not used on non-Darwin systems
[6.213s] INFO:colcon.colcon_core.plugin_system:Skipping extension 'colcon_notification.desktop_notification.win32': Not used on non-Windows systems
[6.213s] INFO:colcon.colcon_notification.desktop_notification:Sending desktop notification using 'notify2'
[6.221s] DEBUG:colcon.colcon_core.event_reactor:joined thread
[6.221s] INFO:colcon.colcon_core.shell:Creating prefix script '/home/jy/colcon_ws/src/joysim/install/local_setup.ps1'
[6.222s] INFO:colcon.colcon_core.shell:Creating prefix util module '/home/jy/colcon_ws/src/joysim/install/_local_setup_util_ps1.py'
[6.224s] INFO:colcon.colcon_core.shell:Creating prefix chain script '/home/jy/colcon_ws/src/joysim/install/setup.ps1'
[6.225s] INFO:colcon.colcon_core.shell:Creating prefix script '/home/jy/colcon_ws/src/joysim/install/local_setup.sh'
[6.225s] INFO:colcon.colcon_core.shell:Creating prefix util module '/home/jy/colcon_ws/src/joysim/install/_local_setup_util_sh.py'
[6.226s] INFO:colcon.colcon_core.shell:Creating prefix chain script '/home/jy/colcon_ws/src/joysim/install/setup.sh'
[6.226s] INFO:colcon.colcon_core.shell:Creating prefix script '/home/jy/colcon_ws/src/joysim/install/local_setup.bash'
[6.226s] INFO:colcon.colcon_core.shell:Creating prefix chain script '/home/jy/colcon_ws/src/joysim/install/setup.bash'
[6.227s] INFO:colcon.colcon_core.shell:Creating prefix script '/home/jy/colcon_ws/src/joysim/install/local_setup.zsh'
[6.227s] INFO:colcon.colcon_core.shell:Creating prefix chain script '/home/jy/colcon_ws/src/joysim/install/setup.zsh'
