[0.010s] Invoking command in '/home/jy/colcon_ws/src/joysim/build/joysim': CMAKE_PREFIX_PATH=/home/jy/colcon_ws/install/vector_pubsub:/home/jy/colcon_ws/install/lifecycle_node:/home/jy/colcon_ws/install/life_qos:/home/jy/colcon_ws/install/communicator:/home/jy/colcon_ws/install/turtlesim_drawer:/home/jy/colcon_ws/install/turtle_gui:/home/jy/colcon_ws/install/robot_arm_gui:/opt/ros/humble:/home/jy/colcon_ws/install/joysim:/home/jy/colcon_ws/install/ds4:/home/jy/colcon_ws/install/custom_interfaces:/home/jy/colcon_ws/install/cpp_parameters /usr/bin/cmake /home/jy/colcon_ws/src/joysim -DCMAKE_INSTALL_PREFIX=/home/jy/colcon_ws/src/joysim/install/joysim
[0.050s] -- The C compiler identification is GNU 11.4.0
[0.095s] -- The CXX compiler identification is GNU 11.4.0
[0.100s] -- Detecting C compiler ABI info
[0.154s] -- Detecting C compiler ABI info - done
[0.163s] -- Check for working C compiler: /usr/bin/cc - skipped
[0.163s] -- Detecting C compile features
[0.163s] -- Detecting C compile features - done
[0.174s] -- Detecting CXX compiler ABI info
[0.229s] -- Detecting CXX compiler ABI info - done
[0.238s] -- Check for working CXX compiler: /usr/bin/c++ - skipped
[0.239s] -- Detecting CXX compile features
[0.239s] -- Detecting CXX compile features - done
[0.247s] -- Found ament_cmake: 1.3.12 (/opt/ros/humble/share/ament_cmake/cmake)
[0.333s] -- Found Python3: /usr/bin/python3 (found version "3.10.12") found components: Interpreter
[0.385s] -- Found rclcpp: 16.0.14 (/opt/ros/humble/share/rclcpp/cmake)
[0.412s] -- Found rosidl_generator_c: 3.1.7 (/opt/ros/humble/share/rosidl_generator_c/cmake)
[0.415s] -- Found rosidl_adapter: 3.1.7 (/opt/ros/humble/share/rosidl_adapter/cmake)
[0.420s] -- Found rosidl_generator_cpp: 3.1.7 (/opt/ros/humble/share/rosidl_generator_cpp/cmake)
[0.428s] -- Using all available rosidl_typesupport_c: rosidl_typesupport_fastrtps_c;rosidl_typesupport_introspection_c
[0.438s] -- Using all available rosidl_typesupport_cpp: rosidl_typesupport_fastrtps_cpp;rosidl_typesupport_introspection_cpp
[0.466s] -- Found rmw_implementation_cmake: 6.1.2 (/opt/ros/humble/share/rmw_implementation_cmake/cmake)
[0.468s] -- Found rmw_fastrtps_cpp: 6.2.8 (/opt/ros/humble/share/rmw_fastrtps_cpp/cmake)
[0.541s] -- Found OpenSSL: /usr/lib/x86_64-linux-gnu/libcrypto.so (found version "3.0.2")
[0.563s] -- Found FastRTPS: /opt/ros/humble/include
[0.594s] -- Using RMW implementation 'rmw_fastrtps_cpp' as default
[0.599s] -- Performing Test CMAKE_HAVE_LIBC_PTHREAD
[0.652s] -- Performing Test CMAKE_HAVE_LIBC_PTHREAD - Success
[0.653s] -- Found Threads: TRUE
[0.692s] -- Found geometry_msgs: 4.9.0 (/opt/ros/humble/share/geometry_msgs/cmake)
[0.702s] -- Found tf2: 0.25.16 (/opt/ros/humble/share/tf2/cmake)
[0.709s] -- Found tf2_ros: 0.25.16 (/opt/ros/humble/share/tf2_ros/cmake)
[0.813s] -- Configuring done (0.8s)
[0.821s] -- Generating done (0.0s)
[0.823s] -- Build files have been written to: /home/jy/colcon_ws/src/joysim/build/joysim
[0.832s] Invoked command in '/home/jy/colcon_ws/src/joysim/build/joysim' returned '0': CMAKE_PREFIX_PATH=/home/jy/colcon_ws/install/vector_pubsub:/home/jy/colcon_ws/install/lifecycle_node:/home/jy/colcon_ws/install/life_qos:/home/jy/colcon_ws/install/communicator:/home/jy/colcon_ws/install/turtlesim_drawer:/home/jy/colcon_ws/install/turtle_gui:/home/jy/colcon_ws/install/robot_arm_gui:/opt/ros/humble:/home/jy/colcon_ws/install/joysim:/home/jy/colcon_ws/install/ds4:/home/jy/colcon_ws/install/custom_interfaces:/home/jy/colcon_ws/install/cpp_parameters /usr/bin/cmake /home/jy/colcon_ws/src/joysim -DCMAKE_INSTALL_PREFIX=/home/jy/colcon_ws/src/joysim/install/joysim
[0.833s] Invoking command in '/home/jy/colcon_ws/src/joysim/build/joysim': CMAKE_PREFIX_PATH=/home/jy/colcon_ws/install/vector_pubsub:/home/jy/colcon_ws/install/lifecycle_node:/home/jy/colcon_ws/install/life_qos:/home/jy/colcon_ws/install/communicator:/home/jy/colcon_ws/install/turtlesim_drawer:/home/jy/colcon_ws/install/turtle_gui:/home/jy/colcon_ws/install/robot_arm_gui:/opt/ros/humble:/home/jy/colcon_ws/install/joysim:/home/jy/colcon_ws/install/ds4:/home/jy/colcon_ws/install/custom_interfaces:/home/jy/colcon_ws/install/cpp_parameters /usr/bin/cmake --build /home/jy/colcon_ws/src/joysim/build/joysim -- -j16 -l16
[0.859s] [ 50%] [32mBuilding CXX object CMakeFiles/joysim.dir/src/joysim.cpp.o[0m
[5.778s] [100%] [1m[32mLinking CXX executable joysim[0m
[6.007s] [100%] Built target joysim
[6.012s] Invoked command in '/home/jy/colcon_ws/src/joysim/build/joysim' returned '0': CMAKE_PREFIX_PATH=/home/jy/colcon_ws/install/vector_pubsub:/home/jy/colcon_ws/install/lifecycle_node:/home/jy/colcon_ws/install/life_qos:/home/jy/colcon_ws/install/communicator:/home/jy/colcon_ws/install/turtlesim_drawer:/home/jy/colcon_ws/install/turtle_gui:/home/jy/colcon_ws/install/robot_arm_gui:/opt/ros/humble:/home/jy/colcon_ws/install/joysim:/home/jy/colcon_ws/install/ds4:/home/jy/colcon_ws/install/custom_interfaces:/home/jy/colcon_ws/install/cpp_parameters /usr/bin/cmake --build /home/jy/colcon_ws/src/joysim/build/joysim -- -j16 -l16
[6.016s] Invoking command in '/home/jy/colcon_ws/src/joysim/build/joysim': CMAKE_PREFIX_PATH=/home/jy/colcon_ws/install/vector_pubsub:/home/jy/colcon_ws/install/lifecycle_node:/home/jy/colcon_ws/install/life_qos:/home/jy/colcon_ws/install/communicator:/home/jy/colcon_ws/install/turtlesim_drawer:/home/jy/colcon_ws/install/turtle_gui:/home/jy/colcon_ws/install/robot_arm_gui:/opt/ros/humble:/home/jy/colcon_ws/install/joysim:/home/jy/colcon_ws/install/ds4:/home/jy/colcon_ws/install/custom_interfaces:/home/jy/colcon_ws/install/cpp_parameters /usr/bin/cmake --install /home/jy/colcon_ws/src/joysim/build/joysim
[6.018s] -- Install configuration: ""
[6.018s] -- Installing: /home/jy/colcon_ws/src/joysim/install/joysim/lib/joysim/joysim
[6.021s] -- Set non-toolchain portion of runtime path of "/home/jy/colcon_ws/src/joysim/install/joysim/lib/joysim/joysim" to ""
[6.021s] -- Installing: /home/jy/colcon_ws/src/joysim/install/joysim/share/joysim/launch
[6.022s] -- Installing: /home/jy/colcon_ws/src/joysim/install/joysim/share/joysim/launch/joysim_launch.yaml
[6.022s] -- Installing: /home/jy/colcon_ws/src/joysim/install/joysim/share/ament_index/resource_index/package_run_dependencies/joysim
[6.022s] -- Installing: /home/jy/colcon_ws/src/joysim/install/joysim/share/ament_index/resource_index/parent_prefix_path/joysim
[6.022s] -- Installing: /home/jy/colcon_ws/src/joysim/install/joysim/share/joysim/environment/ament_prefix_path.sh
[6.022s] -- Installing: /home/jy/colcon_ws/src/joysim/install/joysim/share/joysim/environment/ament_prefix_path.dsv
[6.022s] -- Installing: /home/jy/colcon_ws/src/joysim/install/joysim/share/joysim/environment/path.sh
[6.022s] -- Installing: /home/jy/colcon_ws/src/joysim/install/joysim/share/joysim/environment/path.dsv
[6.022s] -- Installing: /home/jy/colcon_ws/src/joysim/install/joysim/share/joysim/local_setup.bash
[6.022s] -- Installing: /home/jy/colcon_ws/src/joysim/install/joysim/share/joysim/local_setup.sh
[6.022s] -- Installing: /home/jy/colcon_ws/src/joysim/install/joysim/share/joysim/local_setup.zsh
[6.022s] -- Installing: /home/jy/colcon_ws/src/joysim/install/joysim/share/joysim/local_setup.dsv
[6.022s] -- Installing: /home/jy/colcon_ws/src/joysim/install/joysim/share/joysim/package.dsv
[6.023s] -- Installing: /home/jy/colcon_ws/src/joysim/install/joysim/share/ament_index/resource_index/packages/joysim
[6.023s] -- Installing: /home/jy/colcon_ws/src/joysim/install/joysim/share/joysim/cmake/joysimConfig.cmake
[6.023s] -- Installing: /home/jy/colcon_ws/src/joysim/install/joysim/share/joysim/cmake/joysimConfig-version.cmake
[6.023s] -- Installing: /home/jy/colcon_ws/src/joysim/install/joysim/share/joysim/package.xml
[6.024s] Invoked command in '/home/jy/colcon_ws/src/joysim/build/joysim' returned '0': CMAKE_PREFIX_PATH=/home/jy/colcon_ws/install/vector_pubsub:/home/jy/colcon_ws/install/lifecycle_node:/home/jy/colcon_ws/install/life_qos:/home/jy/colcon_ws/install/communicator:/home/jy/colcon_ws/install/turtlesim_drawer:/home/jy/colcon_ws/install/turtle_gui:/home/jy/colcon_ws/install/robot_arm_gui:/opt/ros/humble:/home/jy/colcon_ws/install/joysim:/home/jy/colcon_ws/install/ds4:/home/jy/colcon_ws/install/custom_interfaces:/home/jy/colcon_ws/install/cpp_parameters /usr/bin/cmake --install /home/jy/colcon_ws/src/joysim/build/joysim
