[0mCMake Deprecation Warning at CMakeLists.txt:1 (cmake_minimum_required):
  Compatibility with CMake < 3.10 will be removed from a future version of
  CMake.

  Update the VERSION argument <min> value.  Or, use the <min>...<max> syntax
  to tell CMake that the project requires at least <min> but has been updated
  to work with policies introduced by <max> or earlier.

[0m
[01m[K/home/jy/ros2/colcon_ws/src/my_first_ros_rclcpp_pkg/src/subscriber_node.cpp:1:10:[m[K [01;31m[Kfatal error: [m[Kmy_cpp_pkg/subscriber_node.hpp: No such file or directory
    1 | #include [01;31m[K"my_cpp_pkg/subscriber_node.hpp"[m[K
      |          [01;31m[K^~~~~~~~~~~~~~~~~~~~~~~~~~~~~~~~[m[K
[01m[K/home/jy/ros2/colcon_ws/src/my_first_ros_rclcpp_pkg/src/publisher_node.cpp:1:10:[m[K [01;31m[Kfatal error: [m[Kmy_cpp_pkg/publisher_node.hpp: No such file or directory
    1 | #include [01;31m[K"my_cpp_pkg/publisher_node.hpp"[m[K
      |          [01;31m[K^~~~~~~~~~~~~~~~~~~~~~~~~~~~~~~[m[K
compilation terminated.
compilation terminated.
gmake[2]: *** [CMakeFiles/subscriber_node.dir/build.make:79: CMakeFiles/subscriber_node.dir/src/subscriber_node.cpp.o] Error 1
gmake[1]: *** [CMakeFiles/Makefile2:188: CMakeFiles/subscriber_node.dir/all] Error 2
gmake[1]: *** Waiting for unfinished jobs....
gmake[2]: *** [CMakeFiles/publisher_node.dir/build.make:79: CMakeFiles/publisher_node.dir/src/publisher_node.cpp.o] Error 1
gmake[1]: *** [CMakeFiles/Makefile2:156: CMakeFiles/publisher_node.dir/all] Error 2
gmake: *** [Makefile:146: all] Error 2
