[0.303s] Invoking command in '/home/jy/colcon_ws/build/my_first_python_pkg': PYTHONPATH=/home/jy/colcon_ws/build/my_first_python_pkg/prefix_override:/usr/lib/python3/dist-packages/colcon_core/task/python/colcon_distutils_commands:/home/jy/colcon_ws/install/my_first_python_pkg/lib/python3.10/site-packages:${PYTHONPATH} /usr/bin/python3 -W ignore:setup.py install is deprecated -W ignore:easy_install command is deprecated setup.py develop --editable --build-directory /home/jy/colcon_ws/build/my_first_python_pkg/build --no-deps symlink_data
[0.440s] running develop
[0.509s] running egg_info
[0.510s] creating my_first_python_pkg.egg-info
[0.510s] writing my_first_python_pkg.egg-info/PKG-INFO
[0.510s] writing dependency_links to my_first_python_pkg.egg-info/dependency_links.txt
[0.510s] writing entry points to my_first_python_pkg.egg-info/entry_points.txt
[0.510s] writing requirements to my_first_python_pkg.egg-info/requires.txt
[0.510s] writing top-level names to my_first_python_pkg.egg-info/top_level.txt
[0.510s] writing manifest file 'my_first_python_pkg.egg-info/SOURCES.txt'
[0.511s] reading manifest file 'my_first_python_pkg.egg-info/SOURCES.txt'
[0.511s] writing manifest file 'my_first_python_pkg.egg-info/SOURCES.txt'
[0.512s] running build_ext
[0.512s] Creating /home/jy/colcon_ws/install/my_first_python_pkg/lib/python3.10/site-packages/my-first-python-pkg.egg-link (link to .)
[0.512s] Installing publisher script to /home/jy/colcon_ws/install/my_first_python_pkg/lib/my_first_python_pkg
[0.512s] Installing subscriber script to /home/jy/colcon_ws/install/my_first_python_pkg/lib/my_first_python_pkg
[0.512s] 
[0.513s] Installed /home/jy/colcon_ws/build/my_first_python_pkg
[0.513s] running symlink_data
[0.513s] creating /home/jy/colcon_ws/install/my_first_python_pkg/share/ament_index
[0.513s] creating /home/jy/colcon_ws/install/my_first_python_pkg/share/ament_index/resource_index
[0.513s] creating /home/jy/colcon_ws/install/my_first_python_pkg/share/ament_index/resource_index/packages
[0.513s] symbolically linking /home/jy/colcon_ws/build/my_first_python_pkg/resource/my_first_python_pkg -> /home/jy/colcon_ws/install/my_first_python_pkg/share/ament_index/resource_index/packages
[0.513s] symbolically linking /home/jy/colcon_ws/build/my_first_python_pkg/package.xml -> /home/jy/colcon_ws/install/my_first_python_pkg/share/my_first_python_pkg
[0.539s] Invoked command in '/home/jy/colcon_ws/build/my_first_python_pkg' returned '0': PYTHONPATH=/home/jy/colcon_ws/build/my_first_python_pkg/prefix_override:/usr/lib/python3/dist-packages/colcon_core/task/python/colcon_distutils_commands:/home/jy/colcon_ws/install/my_first_python_pkg/lib/python3.10/site-packages:${PYTHONPATH} /usr/bin/python3 -W ignore:setup.py install is deprecated -W ignore:easy_install command is deprecated setup.py develop --editable --build-directory /home/jy/colcon_ws/build/my_first_python_pkg/build --no-deps symlink_data
