[ 50%] [32mBuilding CXX object CMakeFiles/publisher_node.dir/src/publisher_node.cpp.o[0m
[ 75%] Built target subscriber_node
[100%] [1m[32mLinking CXX executable publisher_node[0m
[100%] Built target publisher_node
-- Install configuration: ""
-- Installing: /home/jy/ros2/colcon_ws/install/my_first_ros_rclcpp_pkg/lib/my_first_ros_rclcpp_pkg/publisher_node
-- Set non-toolchain portion of runtime path of "/home/jy/ros2/colcon_ws/install/my_first_ros_rclcpp_pkg/lib/my_first_ros_rclcpp_pkg/publisher_node" to ""
-- Installing: /home/jy/ros2/colcon_ws/install/my_first_ros_rclcpp_pkg/lib/my_first_ros_rclcpp_pkg/subscriber_node
-- Set non-toolchain portion of runtime path of "/home/jy/ros2/colcon_ws/install/my_first_ros_rclcpp_pkg/lib/my_first_ros_rclcpp_pkg/subscriber_node" to ""
-- Installing: /home/jy/ros2/colcon_ws/install/my_first_ros_rclcpp_pkg/share/ament_index/resource_index/package_run_dependencies/my_first_ros_rclcpp_pkg
-- Installing: /home/jy/ros2/colcon_ws/install/my_first_ros_rclcpp_pkg/share/ament_index/resource_index/parent_prefix_path/my_first_ros_rclcpp_pkg
-- Installing: /home/jy/ros2/colcon_ws/install/my_first_ros_rclcpp_pkg/share/my_first_ros_rclcpp_pkg/environment/ament_prefix_path.sh
-- Installing: /home/jy/ros2/colcon_ws/install/my_first_ros_rclcpp_pkg/share/my_first_ros_rclcpp_pkg/environment/ament_prefix_path.dsv
-- Installing: /home/jy/ros2/colcon_ws/install/my_first_ros_rclcpp_pkg/share/my_first_ros_rclcpp_pkg/environment/path.sh
-- Installing: /home/jy/ros2/colcon_ws/install/my_first_ros_rclcpp_pkg/share/my_first_ros_rclcpp_pkg/environment/path.dsv
-- Installing: /home/jy/ros2/colcon_ws/install/my_first_ros_rclcpp_pkg/share/my_first_ros_rclcpp_pkg/local_setup.bash
-- Installing: /home/jy/ros2/colcon_ws/install/my_first_ros_rclcpp_pkg/share/my_first_ros_rclcpp_pkg/local_setup.sh
-- Installing: /home/jy/ros2/colcon_ws/install/my_first_ros_rclcpp_pkg/share/my_first_ros_rclcpp_pkg/local_setup.zsh
-- Installing: /home/jy/ros2/colcon_ws/install/my_first_ros_rclcpp_pkg/share/my_first_ros_rclcpp_pkg/local_setup.dsv
-- Installing: /home/jy/ros2/colcon_ws/install/my_first_ros_rclcpp_pkg/share/my_first_ros_rclcpp_pkg/package.dsv
-- Installing: /home/jy/ros2/colcon_ws/install/my_first_ros_rclcpp_pkg/share/ament_index/resource_index/packages/my_first_ros_rclcpp_pkg
-- Installing: /home/jy/ros2/colcon_ws/install/my_first_ros_rclcpp_pkg/share/my_first_ros_rclcpp_pkg/cmake/my_first_ros_rclcpp_pkgConfig.cmake
-- Installing: /home/jy/ros2/colcon_ws/install/my_first_ros_rclcpp_pkg/share/my_first_ros_rclcpp_pkg/cmake/my_first_ros_rclcpp_pkgConfig-version.cmake
-- Installing: /home/jy/ros2/colcon_ws/install/my_first_ros_rclcpp_pkg/share/my_first_ros_rclcpp_pkg/package.xml
